0 info it worked if it ends with ok
1 verbose cli [ '/Users/theuylimpanont/.nvm/versions/node/v6.9.4/bin/node',
1 verbose cli   '/Users/theuylimpanont/.nvm/versions/node/v6.9.4/bin/npm',
1 verbose cli   'run',
1 verbose cli   'babel-node',
1 verbose cli   './index.js' ]
2 info using npm@3.10.10
3 info using node@v6.9.4
4 verbose run-script [ 'prebabel-node', 'babel-node', 'postbabel-node' ]
5 info lifecycle theuy@1.0.0~prebabel-node: theuy@1.0.0
6 silly lifecycle theuy@1.0.0~prebabel-node: no script for prebabel-node, continuing
7 info lifecycle theuy@1.0.0~babel-node: theuy@1.0.0
8 verbose lifecycle theuy@1.0.0~babel-node: unsafe-perm in lifecycle true
9 verbose lifecycle theuy@1.0.0~babel-node: PATH: /Users/theuylimpanont/.nvm/versions/node/v6.9.4/lib/node_modules/npm/bin/node-gyp-bin:/Users/theuylimpanont/Development/noble-rxjs/node_modules/.bin:/Users/theuylimpanont/.nvm/versions/node/v6.9.4/lib/node_modules/npm/bin/node-gyp-bin:/Users/theuylimpanont/Development/noble-rxjs/node_modules/.bin:/Users/theuylimpanont/.nvm/versions/node/v6.9.4/bin:/usr/local/bin:/usr/bin:/bin:/usr/sbin:/sbin
10 verbose lifecycle theuy@1.0.0~babel-node: CWD: /Users/theuylimpanont/Development/noble-rxjs
11 silly lifecycle theuy@1.0.0~babel-node: Args: [ '-c', 'babel-node --presets=latest "./index.js"' ]
12 silly lifecycle theuy@1.0.0~babel-node: Returned: code: 7  signal: null
13 info lifecycle theuy@1.0.0~babel-node: Failed to exec babel-node script
14 verbose stack Error: theuy@1.0.0 babel-node: `babel-node --presets=latest "./index.js"`
14 verbose stack Exit status 7
14 verbose stack     at EventEmitter.<anonymous> (/Users/theuylimpanont/.nvm/versions/node/v6.9.4/lib/node_modules/npm/lib/utils/lifecycle.js:255:16)
14 verbose stack     at emitTwo (events.js:106:13)
14 verbose stack     at EventEmitter.emit (events.js:191:7)
14 verbose stack     at ChildProcess.<anonymous> (/Users/theuylimpanont/.nvm/versions/node/v6.9.4/lib/node_modules/npm/lib/utils/spawn.js:40:14)
14 verbose stack     at emitTwo (events.js:106:13)
14 verbose stack     at ChildProcess.emit (events.js:191:7)
14 verbose stack     at maybeClose (internal/child_process.js:877:16)
14 verbose stack     at Process.ChildProcess._handle.onexit (internal/child_process.js:226:5)
15 verbose pkgid theuy@1.0.0
16 verbose cwd /Users/theuylimpanont/Development/noble-rxjs
17 error Darwin 17.3.0
18 error argv "/Users/theuylimpanont/.nvm/versions/node/v6.9.4/bin/node" "/Users/theuylimpanont/.nvm/versions/node/v6.9.4/bin/npm" "run" "babel-node" "./index.js"
19 error node v6.9.4
20 error npm  v3.10.10
21 error code ELIFECYCLE
22 error theuy@1.0.0 babel-node: `babel-node --presets=latest "./index.js"`
22 error Exit status 7
23 error Failed at the theuy@1.0.0 babel-node script 'babel-node --presets=latest "./index.js"'.
23 error Make sure you have the latest version of node.js and npm installed.
23 error If you do, this is most likely a problem with the theuy package,
23 error not with npm itself.
23 error Tell the author that this fails on your system:
23 error     babel-node --presets=latest "./index.js"
23 error You can get information on how to open an issue for this project with:
23 error     npm bugs theuy
23 error Or if that isn't available, you can get their info via:
23 error     npm owner ls theuy
23 error There is likely additional logging output above.
24 verbose exit [ 1, true ]
